[0.011s] Invoking command in '/home/ma/train/ros_for_ma/build/serial_example': CMAKE_PREFIX_PATH=/opt/ros/humble /usr/bin/cmake --build /home/ma/train/ros_for_ma/build/serial_example -- -j8 -l8
[0.045s] -- Found ament_cmake: 1.3.5 (/opt/ros/humble/share/ament_cmake/cmake)
[0.147s] -- Found rclcpp: 16.0.5 (/opt/ros/humble/share/rclcpp/cmake)
[0.170s] -- Found rosidl_generator_c: 3.1.5 (/opt/ros/humble/share/rosidl_generator_c/cmake)
[0.172s] -- Found rosidl_adapter: 3.1.5 (/opt/ros/humble/share/rosidl_adapter/cmake)
[0.176s] -- Found rosidl_generator_cpp: 3.1.5 (/opt/ros/humble/share/rosidl_generator_cpp/cmake)
[0.183s] -- Using all available rosidl_typesupport_c: rosidl_typesupport_fastrtps_c;rosidl_typesupport_introspection_c
[0.194s] -- Using all available rosidl_typesupport_cpp: rosidl_typesupport_fastrtps_cpp;rosidl_typesupport_introspection_cpp
[0.234s] -- Found rmw_implementation_cmake: 6.1.1 (/opt/ros/humble/share/rmw_implementation_cmake/cmake)
[0.235s] -- Found rmw_fastrtps_cpp: 6.2.3 (/opt/ros/humble/share/rmw_fastrtps_cpp/cmake)
[0.312s] -- Using RMW implementation 'rmw_fastrtps_cpp' as default
[0.416s] -- Found serial_driver: 1.2.0 (/opt/ros/humble/share/serial_driver/cmake)
[0.572s] -- Found ament_lint_auto: 0.12.7 (/opt/ros/humble/share/ament_lint_auto/cmake)
[0.619s] -- Added test 'cppcheck' to perform static code analysis on C / C++ code
[0.619s] -- Configured cppcheck include dirs: /home/ma/train/ros_for_ma/src/serial_example/include
[0.619s] -- Configured cppcheck exclude dirs and/or files: 
[0.619s] -- Added test 'flake8' to check Python code syntax and style conventions
[0.620s] -- Added test 'lint_cmake' to check CMake code style
[0.620s] -- Added test 'pep257' to check Python code against some of the docstring style conventions in PEP 257
[0.620s] -- Added test 'uncrustify' to check C / C++ code style
[0.620s] -- Configured uncrustify additional arguments: 
[0.620s] -- Added test 'xmllint' to check XML markup files
[0.622s] -- Configuring done
[0.649s] -- Generating done
[0.650s] -- Build files have been written to: /home/ma/train/ros_for_ma/build/serial_example
[0.666s] [35m[1mConsolidate compiler generated dependencies of target serial_node[0m
[0.688s] [ 50%] [32mBuilding CXX object CMakeFiles/serial_node.dir/src/serial_example.cpp.o[0m
[2.523s] [01m[K/home/ma/train/ros_for_ma/src/serial_example/src/serial_example.cpp:[m[K In constructor â€˜[01m[KSerialPortNode::SerialPortNode()[m[Kâ€™:
[2.523s] [01m[K/home/ma/train/ros_for_ma/src/serial_example/src/serial_example.cpp:214:32:[m[K [01;31m[Kerror: [m[Kâ€˜[01m[KSerialPortNode::owned_ctx_[m[Kâ€™ will be initialized after [[01;31m[K]8;;https://gcc.gnu.org/onlinedocs/gcc/Warning-Options.html#index-Wreorder-Werror=reorder]8;;[m[K]
[2.523s]   214 |     std::unique_ptr<IoContext> [01;31m[Kowned_ctx_[m[K;
[2.523s]       |                                [01;31m[K^~~~~~~~~~[m[K
[2.523s] [01m[K/home/ma/train/ros_for_ma/src/serial_example/src/serial_example.cpp:210:59:[m[K [01;31m[Kerror: [m[K  â€˜[01m[Kstd::unique_ptr<drivers::serial_driver::SerialDriver> SerialPortNode::serial_driver_[m[Kâ€™ [[01;31m[K]8;;https://gcc.gnu.org/onlinedocs/gcc/Warning-Options.html#index-Wreorder-Werror=reorder]8;;[m[K]
[2.523s]   210 |     std::unique_ptr<drivers::serial_driver::SerialDriver> [01;31m[Kserial_driver_[m[K = nullptr;
[2.523s]       |                                                           [01;31m[K^~~~~~~~~~~~~~[m[K
[2.523s] [01m[K/home/ma/train/ros_for_ma/src/serial_example/src/serial_example.cpp:93:14:[m[K [01;31m[Kerror: [m[K  when initialized here [[01;31m[K]8;;https://gcc.gnu.org/onlinedocs/gcc/Warning-Options.html#index-Wreorder-Werror=reorder]8;;[m[K]
[2.523s]    93 |     explicit [01;31m[KSerialPortNode[m[K()
[2.523s]       |              [01;31m[K^~~~~~~~~~~~~~[m[K
[3.205s] cc1plus: all warnings being treated as errors
[3.217s] gmake[2]: *** [CMakeFiles/serial_node.dir/build.make:76: CMakeFiles/serial_node.dir/src/serial_example.cpp.o] Error 1
[3.217s] gmake[1]: *** [CMakeFiles/Makefile2:137: CMakeFiles/serial_node.dir/all] Error 2
[3.218s] gmake: *** [Makefile:146: all] Error 2
[3.219s] Invoked command in '/home/ma/train/ros_for_ma/build/serial_example' returned '2': CMAKE_PREFIX_PATH=/opt/ros/humble /usr/bin/cmake --build /home/ma/train/ros_for_ma/build/serial_example -- -j8 -l8
